{"C:\\Users\\Alex\\Documents\\ReactNativeProjects\\NoTwitter\\src\\redux\\actions\\PostTweet.action.js": {"path":"C:\\Users\\Alex\\Documents\\ReactNativeProjects\\NoTwitter\\src\\redux\\actions\\PostTweet.action.js","statementMap":{"0":{"start":{"line":3,"column":25},"end":{"line":6,"column":2}},"1":{"start":{"line":3,"column":39},"end":{"line":6,"column":1}},"2":{"start":{"line":8,"column":32},"end":{"line":10,"column":2}},"3":{"start":{"line":8,"column":39},"end":{"line":10,"column":1}},"4":{"start":{"line":12,"column":32},"end":{"line":15,"column":2}},"5":{"start":{"line":12,"column":46},"end":{"line":15,"column":1}},"6":{"start":{"line":17,"column":30},"end":{"line":20,"column":2}},"7":{"start":{"line":17,"column":44},"end":{"line":20,"column":1}},"8":{"start":{"line":22,"column":29},"end":{"line":25,"column":2}},"9":{"start":{"line":22,"column":43},"end":{"line":25,"column":1}},"10":{"start":{"line":27,"column":25},"end":{"line":29,"column":2}},"11":{"start":{"line":27,"column":32},"end":{"line":29,"column":1}}},"fnMap":{"0":{"name":"(anonymous_0)","decl":{"start":{"line":3,"column":25},"end":{"line":3,"column":26}},"loc":{"start":{"line":3,"column":39},"end":{"line":6,"column":1}},"line":3},"1":{"name":"(anonymous_1)","decl":{"start":{"line":8,"column":32},"end":{"line":8,"column":33}},"loc":{"start":{"line":8,"column":39},"end":{"line":10,"column":1}},"line":8},"2":{"name":"(anonymous_2)","decl":{"start":{"line":12,"column":32},"end":{"line":12,"column":33}},"loc":{"start":{"line":12,"column":46},"end":{"line":15,"column":1}},"line":12},"3":{"name":"(anonymous_3)","decl":{"start":{"line":17,"column":30},"end":{"line":17,"column":31}},"loc":{"start":{"line":17,"column":44},"end":{"line":20,"column":1}},"line":17},"4":{"name":"(anonymous_4)","decl":{"start":{"line":22,"column":29},"end":{"line":22,"column":30}},"loc":{"start":{"line":22,"column":43},"end":{"line":25,"column":1}},"line":22},"5":{"name":"(anonymous_5)","decl":{"start":{"line":27,"column":25},"end":{"line":27,"column":26}},"loc":{"start":{"line":27,"column":32},"end":{"line":29,"column":1}},"line":27}},"branchMap":{},"s":{"0":1,"1":1,"2":1,"3":1,"4":1,"5":1,"6":1,"7":1,"8":1,"9":1,"10":1,"11":1},"f":{"0":1,"1":1,"2":1,"3":1,"4":1,"5":1},"b":{},"_coverageSchema":"1a1c01bbd47fc00a2c39e90264f33305004495a9","hash":"ffc7da53a4e99f755c8c0bdc724907ddfe33fa32"}
,"C:\\Users\\Alex\\Documents\\ReactNativeProjects\\NoTwitter\\src\\redux\\actions\\Profile.action.js": {"path":"C:\\Users\\Alex\\Documents\\ReactNativeProjects\\NoTwitter\\src\\redux\\actions\\Profile.action.js","statementMap":{"0":{"start":{"line":3,"column":27},"end":{"line":5,"column":2}},"1":{"start":{"line":3,"column":34},"end":{"line":5,"column":1}},"2":{"start":{"line":7,"column":31},"end":{"line":9,"column":2}},"3":{"start":{"line":7,"column":38},"end":{"line":9,"column":1}},"4":{"start":{"line":11,"column":31},"end":{"line":14,"column":2}},"5":{"start":{"line":11,"column":45},"end":{"line":14,"column":1}},"6":{"start":{"line":16,"column":29},"end":{"line":19,"column":2}},"7":{"start":{"line":16,"column":43},"end":{"line":19,"column":1}}},"fnMap":{"0":{"name":"(anonymous_0)","decl":{"start":{"line":3,"column":27},"end":{"line":3,"column":28}},"loc":{"start":{"line":3,"column":34},"end":{"line":5,"column":1}},"line":3},"1":{"name":"(anonymous_1)","decl":{"start":{"line":7,"column":31},"end":{"line":7,"column":32}},"loc":{"start":{"line":7,"column":38},"end":{"line":9,"column":1}},"line":7},"2":{"name":"(anonymous_2)","decl":{"start":{"line":11,"column":31},"end":{"line":11,"column":32}},"loc":{"start":{"line":11,"column":45},"end":{"line":14,"column":1}},"line":11},"3":{"name":"(anonymous_3)","decl":{"start":{"line":16,"column":29},"end":{"line":16,"column":30}},"loc":{"start":{"line":16,"column":43},"end":{"line":19,"column":1}},"line":16}},"branchMap":{},"s":{"0":1,"1":1,"2":1,"3":1,"4":1,"5":1,"6":1,"7":1},"f":{"0":1,"1":1,"2":1,"3":1},"b":{},"_coverageSchema":"1a1c01bbd47fc00a2c39e90264f33305004495a9","hash":"7212a77befca4064b6c133521f35a2814b88bf4d"}
,"C:\\Users\\Alex\\Documents\\ReactNativeProjects\\NoTwitter\\src\\redux\\actions\\Timeline.action.js": {"path":"C:\\Users\\Alex\\Documents\\ReactNativeProjects\\NoTwitter\\src\\redux\\actions\\Timeline.action.js","statementMap":{"0":{"start":{"line":3,"column":27},"end":{"line":5,"column":2}},"1":{"start":{"line":3,"column":34},"end":{"line":5,"column":1}},"2":{"start":{"line":7,"column":31},"end":{"line":9,"column":2}},"3":{"start":{"line":7,"column":38},"end":{"line":9,"column":1}},"4":{"start":{"line":11,"column":31},"end":{"line":14,"column":2}},"5":{"start":{"line":11,"column":45},"end":{"line":14,"column":1}},"6":{"start":{"line":16,"column":29},"end":{"line":19,"column":2}},"7":{"start":{"line":16,"column":43},"end":{"line":19,"column":1}}},"fnMap":{"0":{"name":"(anonymous_0)","decl":{"start":{"line":3,"column":27},"end":{"line":3,"column":28}},"loc":{"start":{"line":3,"column":34},"end":{"line":5,"column":1}},"line":3},"1":{"name":"(anonymous_1)","decl":{"start":{"line":7,"column":31},"end":{"line":7,"column":32}},"loc":{"start":{"line":7,"column":38},"end":{"line":9,"column":1}},"line":7},"2":{"name":"(anonymous_2)","decl":{"start":{"line":11,"column":31},"end":{"line":11,"column":32}},"loc":{"start":{"line":11,"column":45},"end":{"line":14,"column":1}},"line":11},"3":{"name":"(anonymous_3)","decl":{"start":{"line":16,"column":29},"end":{"line":16,"column":30}},"loc":{"start":{"line":16,"column":43},"end":{"line":19,"column":1}},"line":16}},"branchMap":{},"s":{"0":1,"1":1,"2":1,"3":1,"4":1,"5":1,"6":1,"7":1},"f":{"0":1,"1":1,"2":1,"3":1},"b":{},"_coverageSchema":"1a1c01bbd47fc00a2c39e90264f33305004495a9","hash":"9caa7a782b4480877f14ccee586bb4fe0b896f63"}
,"C:\\Users\\Alex\\Documents\\ReactNativeProjects\\NoTwitter\\src\\redux\\actions\\Tweets.action.js": {"path":"C:\\Users\\Alex\\Documents\\ReactNativeProjects\\NoTwitter\\src\\redux\\actions\\Tweets.action.js","statementMap":{"0":{"start":{"line":3,"column":27},"end":{"line":6,"column":2}},"1":{"start":{"line":3,"column":41},"end":{"line":6,"column":1}},"2":{"start":{"line":8,"column":34},"end":{"line":10,"column":2}},"3":{"start":{"line":8,"column":41},"end":{"line":10,"column":1}},"4":{"start":{"line":12,"column":34},"end":{"line":15,"column":2}},"5":{"start":{"line":12,"column":48},"end":{"line":15,"column":1}},"6":{"start":{"line":17,"column":32},"end":{"line":20,"column":2}},"7":{"start":{"line":17,"column":46},"end":{"line":20,"column":1}}},"fnMap":{"0":{"name":"(anonymous_0)","decl":{"start":{"line":3,"column":27},"end":{"line":3,"column":28}},"loc":{"start":{"line":3,"column":41},"end":{"line":6,"column":1}},"line":3},"1":{"name":"(anonymous_1)","decl":{"start":{"line":8,"column":34},"end":{"line":8,"column":35}},"loc":{"start":{"line":8,"column":41},"end":{"line":10,"column":1}},"line":8},"2":{"name":"(anonymous_2)","decl":{"start":{"line":12,"column":34},"end":{"line":12,"column":35}},"loc":{"start":{"line":12,"column":48},"end":{"line":15,"column":1}},"line":12},"3":{"name":"(anonymous_3)","decl":{"start":{"line":17,"column":32},"end":{"line":17,"column":33}},"loc":{"start":{"line":17,"column":46},"end":{"line":20,"column":1}},"line":17}},"branchMap":{},"s":{"0":1,"1":1,"2":1,"3":1,"4":1,"5":1,"6":1,"7":1},"f":{"0":1,"1":1,"2":1,"3":1},"b":{},"_coverageSchema":"1a1c01bbd47fc00a2c39e90264f33305004495a9","hash":"154d998bb370bd1c0e273a9f9d31dcf994bd5986"}
,"C:\\Users\\Alex\\Documents\\ReactNativeProjects\\NoTwitter\\src\\redux\\constants\\ActionTypes.js": {"path":"C:\\Users\\Alex\\Documents\\ReactNativeProjects\\NoTwitter\\src\\redux\\constants\\ActionTypes.js","statementMap":{"0":{"start":{"line":1,"column":32},"end":{"line":1,"column":50}},"1":{"start":{"line":2,"column":36},"end":{"line":2,"column":58}},"2":{"start":{"line":3,"column":36},"end":{"line":3,"column":58}},"3":{"start":{"line":4,"column":34},"end":{"line":4,"column":54}},"4":{"start":{"line":6,"column":30},"end":{"line":6,"column":46}},"5":{"start":{"line":7,"column":32},"end":{"line":7,"column":50}},"6":{"start":{"line":8,"column":32},"end":{"line":8,"column":50}},"7":{"start":{"line":9,"column":30},"end":{"line":9,"column":46}},"8":{"start":{"line":11,"column":28},"end":{"line":11,"column":42}},"9":{"start":{"line":12,"column":36},"end":{"line":12,"column":58}},"10":{"start":{"line":13,"column":36},"end":{"line":13,"column":58}},"11":{"start":{"line":14,"column":34},"end":{"line":14,"column":54}},"12":{"start":{"line":16,"column":26},"end":{"line":16,"column":38}},"13":{"start":{"line":17,"column":34},"end":{"line":17,"column":54}},"14":{"start":{"line":18,"column":34},"end":{"line":18,"column":54}},"15":{"start":{"line":19,"column":32},"end":{"line":19,"column":50}},"16":{"start":{"line":20,"column":31},"end":{"line":20,"column":48}},"17":{"start":{"line":21,"column":21},"end":{"line":21,"column":28}}},"fnMap":{},"branchMap":{},"s":{"0":8,"1":8,"2":8,"3":8,"4":8,"5":8,"6":8,"7":8,"8":8,"9":8,"10":8,"11":8,"12":8,"13":8,"14":8,"15":8,"16":8,"17":8},"f":{},"b":{},"_coverageSchema":"1a1c01bbd47fc00a2c39e90264f33305004495a9","hash":"b3aec0ed370218fa2e13856834662c2d10d5e952"}
,"C:\\Users\\Alex\\Documents\\ReactNativeProjects\\NoTwitter\\src\\redux\\reducers\\PostTweet.reducer.js": {"path":"C:\\Users\\Alex\\Documents\\ReactNativeProjects\\NoTwitter\\src\\redux\\reducers\\PostTweet.reducer.js","statementMap":{"0":{"start":{"line":3,"column":21},"end":{"line":8,"column":1}},"1":{"start":{"line":10,"column":20},"end":{"line":46,"column":1}},"2":{"start":{"line":11,"column":2},"end":{"line":45,"column":3}},"3":{"start":{"line":13,"column":6},"end":{"line":16,"column":7}},"4":{"start":{"line":18,"column":6},"end":{"line":21,"column":7}},"5":{"start":{"line":23,"column":6},"end":{"line":28,"column":7}},"6":{"start":{"line":30,"column":6},"end":{"line":34,"column":7}},"7":{"start":{"line":36,"column":6},"end":{"line":42,"column":7}},"8":{"start":{"line":44,"column":6},"end":{"line":44,"column":18}}},"fnMap":{"0":{"name":"(anonymous_0)","decl":{"start":{"line":10,"column":20},"end":{"line":10,"column":21}},"loc":{"start":{"line":10,"column":65},"end":{"line":46,"column":1}},"line":10}},"branchMap":{"0":{"loc":{"start":{"line":10,"column":21},"end":{"line":10,"column":41}},"type":"default-arg","locations":[{"start":{"line":10,"column":29},"end":{"line":10,"column":41}}],"line":10},"1":{"loc":{"start":{"line":11,"column":2},"end":{"line":45,"column":3}},"type":"switch","locations":[{"start":{"line":12,"column":4},"end":{"line":16,"column":7}},{"start":{"line":17,"column":4},"end":{"line":21,"column":7}},{"start":{"line":22,"column":4},"end":{"line":28,"column":7}},{"start":{"line":29,"column":4},"end":{"line":34,"column":7}},{"start":{"line":35,"column":4},"end":{"line":42,"column":7}},{"start":{"line":43,"column":4},"end":{"line":44,"column":18}}],"line":11}},"s":{"0":1,"1":1,"2":4,"3":0,"4":1,"5":1,"6":1,"7":0,"8":1},"f":{"0":4},"b":{"0":[4],"1":[0,1,1,1,0,1]},"_coverageSchema":"1a1c01bbd47fc00a2c39e90264f33305004495a9","hash":"a407d7f25e61a8305bcc725b74424fd459a47de1"}
,"C:\\Users\\Alex\\Documents\\ReactNativeProjects\\NoTwitter\\src\\redux\\reducers\\Profile.reducer.js": {"path":"C:\\Users\\Alex\\Documents\\ReactNativeProjects\\NoTwitter\\src\\redux\\reducers\\Profile.reducer.js","statementMap":{"0":{"start":{"line":3,"column":21},"end":{"line":7,"column":1}},"1":{"start":{"line":9,"column":23},"end":{"line":32,"column":1}},"2":{"start":{"line":10,"column":2},"end":{"line":31,"column":3}},"3":{"start":{"line":12,"column":6},"end":{"line":15,"column":7}},"4":{"start":{"line":17,"column":6},"end":{"line":22,"column":7}},"5":{"start":{"line":24,"column":6},"end":{"line":28,"column":7}},"6":{"start":{"line":30,"column":6},"end":{"line":30,"column":18}}},"fnMap":{"0":{"name":"(anonymous_0)","decl":{"start":{"line":9,"column":23},"end":{"line":9,"column":24}},"loc":{"start":{"line":9,"column":68},"end":{"line":32,"column":1}},"line":9}},"branchMap":{"0":{"loc":{"start":{"line":9,"column":24},"end":{"line":9,"column":44}},"type":"default-arg","locations":[{"start":{"line":9,"column":32},"end":{"line":9,"column":44}}],"line":9},"1":{"loc":{"start":{"line":10,"column":2},"end":{"line":31,"column":3}},"type":"switch","locations":[{"start":{"line":11,"column":4},"end":{"line":15,"column":7}},{"start":{"line":16,"column":4},"end":{"line":22,"column":7}},{"start":{"line":23,"column":4},"end":{"line":28,"column":7}},{"start":{"line":29,"column":4},"end":{"line":30,"column":18}}],"line":10}},"s":{"0":1,"1":1,"2":4,"3":1,"4":1,"5":1,"6":1},"f":{"0":4},"b":{"0":[4],"1":[1,1,1,1]},"_coverageSchema":"1a1c01bbd47fc00a2c39e90264f33305004495a9","hash":"c831d3e194fba6d0537126540060697dc48f12c9"}
,"C:\\Users\\Alex\\Documents\\ReactNativeProjects\\NoTwitter\\src\\redux\\reducers\\Timeline.reducer.js": {"path":"C:\\Users\\Alex\\Documents\\ReactNativeProjects\\NoTwitter\\src\\redux\\reducers\\Timeline.reducer.js","statementMap":{"0":{"start":{"line":3,"column":21},"end":{"line":7,"column":1}},"1":{"start":{"line":8,"column":24},"end":{"line":31,"column":1}},"2":{"start":{"line":9,"column":2},"end":{"line":30,"column":3}},"3":{"start":{"line":11,"column":6},"end":{"line":14,"column":7}},"4":{"start":{"line":16,"column":6},"end":{"line":21,"column":7}},"5":{"start":{"line":23,"column":6},"end":{"line":27,"column":7}},"6":{"start":{"line":29,"column":6},"end":{"line":29,"column":18}}},"fnMap":{"0":{"name":"(anonymous_0)","decl":{"start":{"line":8,"column":24},"end":{"line":8,"column":25}},"loc":{"start":{"line":8,"column":69},"end":{"line":31,"column":1}},"line":8}},"branchMap":{"0":{"loc":{"start":{"line":8,"column":25},"end":{"line":8,"column":45}},"type":"default-arg","locations":[{"start":{"line":8,"column":33},"end":{"line":8,"column":45}}],"line":8},"1":{"loc":{"start":{"line":9,"column":2},"end":{"line":30,"column":3}},"type":"switch","locations":[{"start":{"line":10,"column":4},"end":{"line":14,"column":7}},{"start":{"line":15,"column":4},"end":{"line":21,"column":7}},{"start":{"line":22,"column":4},"end":{"line":27,"column":7}},{"start":{"line":28,"column":4},"end":{"line":29,"column":18}}],"line":9}},"s":{"0":1,"1":1,"2":4,"3":1,"4":1,"5":1,"6":1},"f":{"0":4},"b":{"0":[4],"1":[1,1,1,1]},"_coverageSchema":"1a1c01bbd47fc00a2c39e90264f33305004495a9","hash":"1e45efcf986f5dbe5366fce5d7cf2e924520393d"}
,"C:\\Users\\Alex\\Documents\\ReactNativeProjects\\NoTwitter\\src\\redux\\reducers\\Tweets.reducer.js": {"path":"C:\\Users\\Alex\\Documents\\ReactNativeProjects\\NoTwitter\\src\\redux\\reducers\\Tweets.reducer.js","statementMap":{"0":{"start":{"line":3,"column":21},"end":{"line":7,"column":1}},"1":{"start":{"line":9,"column":22},"end":{"line":32,"column":1}},"2":{"start":{"line":10,"column":2},"end":{"line":31,"column":3}},"3":{"start":{"line":12,"column":6},"end":{"line":15,"column":7}},"4":{"start":{"line":17,"column":6},"end":{"line":22,"column":7}},"5":{"start":{"line":24,"column":6},"end":{"line":28,"column":7}},"6":{"start":{"line":30,"column":6},"end":{"line":30,"column":18}}},"fnMap":{"0":{"name":"(anonymous_0)","decl":{"start":{"line":9,"column":22},"end":{"line":9,"column":23}},"loc":{"start":{"line":9,"column":67},"end":{"line":32,"column":1}},"line":9}},"branchMap":{"0":{"loc":{"start":{"line":9,"column":23},"end":{"line":9,"column":43}},"type":"default-arg","locations":[{"start":{"line":9,"column":31},"end":{"line":9,"column":43}}],"line":9},"1":{"loc":{"start":{"line":10,"column":2},"end":{"line":31,"column":3}},"type":"switch","locations":[{"start":{"line":11,"column":4},"end":{"line":15,"column":7}},{"start":{"line":16,"column":4},"end":{"line":22,"column":7}},{"start":{"line":23,"column":4},"end":{"line":28,"column":7}},{"start":{"line":29,"column":4},"end":{"line":30,"column":18}}],"line":10}},"s":{"0":1,"1":1,"2":4,"3":1,"4":1,"5":1,"6":1},"f":{"0":4},"b":{"0":[4],"1":[1,1,1,1]},"_coverageSchema":"1a1c01bbd47fc00a2c39e90264f33305004495a9","hash":"33ee92eff0fed9597f8ce2a67b7882c46c81bf27"}
}
